UniPlugin-Hello-AS/app/build/intermediates/manifest_merge_blame_file/release/manifest-merger-blame-release-report.txt
1<?xml version="1.0" encoding="utf-8"?>
2<manifest xmlns:android="http://schemas.android.com/apk/res/android"
3    package="com.weilun.quanqi"
4    android:versionCode="1"
5    android:versionName="1.0" >
6
7    <uses-sdk
8        android:minSdkVersion="21"
8-->src\main\AndroidManifest.xml
9        android:targetSdkVersion="28" />
9-->src\main\AndroidManifest.xml
10
11    <supports-screens
11-->src\main\AndroidManifest.xml:5:5-10:39
12        android:anyDensity="true"
12-->src\main\AndroidManifest.xml:6:9-34
13        android:largeScreens="true"
13-->src\main\AndroidManifest.xml:7:9-36
14        android:normalScreens="true"
14-->src\main\AndroidManifest.xml:8:9-37
15        android:resizeable="true"
15-->src\main\AndroidManifest.xml:9:9-34
16        android:smallScreens="true" />
16-->src\main\AndroidManifest.xml:10:9-36
17
18    <uses-permission android:name="android.permission.WRITE_EXTERNAL_STORAGE" />
18-->[lib.5plus.base-release.aar] AndroidManifest.xml:14:5-81
18-->[lib.5plus.base-release.aar] AndroidManifest.xml:14:22-78
19    <uses-permission android:name="android.permission.INTERNET" />
19-->[lib.5plus.base-release.aar] AndroidManifest.xml:15:5-67
19-->[lib.5plus.base-release.aar] AndroidManifest.xml:15:22-64
20    <uses-permission android:name="android.permission.ACCESS_NETWORK_STATE" />
20-->[lib.5plus.base-release.aar] AndroidManifest.xml:16:5-79
20-->[lib.5plus.base-release.aar] AndroidManifest.xml:16:22-76
21    <!--
22    <uses-permission
23        android:name="com.android.launcher.permission.UNINSTALL_SHORTCUT" />
24    -->
25    <!-- 华为修改角标需要设置权限 -->
26    <uses-permission android:name="com.huawei.android.launcher.permission.CHANGE_BADGE" /> <!-- vivo 修改角标需要设置权限 -->
26-->[lib.5plus.base-release.aar] AndroidManifest.xml:22:5-91
26-->[lib.5plus.base-release.aar] AndroidManifest.xml:22:22-88
27    <uses-permission android:name="com.vivo.notification.permission.BADGE_ICON" />
27-->[lib.5plus.base-release.aar] AndroidManifest.xml:24:5-83
27-->[lib.5plus.base-release.aar] AndroidManifest.xml:24:22-80
28
29    <queries>
29-->[lib.5plus.base-release.aar] AndroidManifest.xml:26:5-35:15
30        <intent>
30-->[lib.5plus.base-release.aar] AndroidManifest.xml:27:9-29:18
31            <action android:name="android.intent.action.MAIN" />
31-->src\main\AndroidManifest.xml:40:17-68
31-->src\main\AndroidManifest.xml:40:25-66
32        </intent>
33        <intent>
33-->[lib.5plus.base-release.aar] AndroidManifest.xml:30:9-34:18
34            <action android:name="android.intent.action.VIEW" />
34-->src\main\AndroidManifest.xml:29:17-68
34-->src\main\AndroidManifest.xml:29:25-66
35
36            <category android:name="android.intent.category.DEFAULT" />
36-->src\main\AndroidManifest.xml:31:17-75
36-->src\main\AndroidManifest.xml:31:27-73
37        </intent>
38    </queries>
39
40    <uses-permission android:name="android.permission.READ_EXTERNAL_STORAGE" />
41    <uses-permission android:name="com.asus.msa.SupplementaryDID.ACCESS" />
41-->[oaid_sdk_1.0.25.aar] AndroidManifest.xml:13:5-76
41-->[oaid_sdk_1.0.25.aar] AndroidManifest.xml:13:22-73
42    <uses-permission android:name="freemme.permission.msa" /> <!-- 用于进行网络定位 -->
42-->[oaid_sdk_1.0.25.aar] AndroidManifest.xml:15:5-62
42-->[oaid_sdk_1.0.25.aar] AndroidManifest.xml:15:22-59
43    <uses-permission android:name="android.permission.ACCESS_COARSE_LOCATION" /> <!-- 用于访问GPS定位 -->
43-->[:uniplugin_beLocation] AndroidManifest.xml:12:5-81
43-->[:uniplugin_beLocation] AndroidManifest.xml:12:22-78
44    <uses-permission android:name="android.permission.ACCESS_FINE_LOCATION" /> <!-- 用于访问wifi网络信息，wifi信息会用于进行网络定位 -->
44-->[:uniplugin_beLocation] AndroidManifest.xml:14:5-79
44-->[:uniplugin_beLocation] AndroidManifest.xml:14:22-76
45    <uses-permission android:name="android.permission.ACCESS_WIFI_STATE" /> <!-- 用于获取wifi的获取权限，wifi信息会用来进行网络定位 -->
45-->[:uniplugin_beLocation] AndroidManifest.xml:18:5-76
45-->[:uniplugin_beLocation] AndroidManifest.xml:18:22-73
46    <uses-permission android:name="android.permission.CHANGE_WIFI_STATE" /> <!-- 用于读取手机当前的状态 -->
46-->[:uniplugin_beLocation] AndroidManifest.xml:20:5-76
46-->[:uniplugin_beLocation] AndroidManifest.xml:20:22-73
47    <uses-permission android:name="android.permission.READ_PHONE_STATE" /> <!-- 用于申请调用A-GPS模块 -->
47-->[:uniplugin_beLocation] AndroidManifest.xml:24:5-75
47-->[:uniplugin_beLocation] AndroidManifest.xml:24:22-72
48    <uses-permission android:name="android.permission.ACCESS_LOCATION_EXTRA_COMMANDS" /> <!-- 如果设置了target >= 28 如果需要启动后台定位则必须声明这个权限 -->
48-->[:uniplugin_beLocation] AndroidManifest.xml:28:5-89
48-->[:uniplugin_beLocation] AndroidManifest.xml:28:22-86
49    <uses-permission android:name="android.permission.FOREGROUND_SERVICE" /> <!-- 如果您的应用需要后台定位权限，且有可能运行在Android Q设备上,并且设置了target>28，必须增加这个权限声明 -->
49-->[:uniplugin_beLocation] AndroidManifest.xml:30:5-77
49-->[:uniplugin_beLocation] AndroidManifest.xml:30:22-74
50    <uses-permission android:name="android.permission.ACCESS_BACKGROUND_LOCATION" />
50-->[:uniplugin_beLocation] AndroidManifest.xml:32:5-85
50-->[:uniplugin_beLocation] AndroidManifest.xml:32:22-82
51
52    <application
52-->src\main\AndroidManifest.xml:11:5-75:19
53        android:name="io.dcloud.application.DCloudApplication"
53-->src\main\AndroidManifest.xml:12:9-63
54        android:allowBackup="true"
54-->src\main\AndroidManifest.xml:13:9-35
55        android:allowClearUserData="true"
55-->src\main\AndroidManifest.xml:14:9-42
56        android:appComponentFactory="androidx.core.app.CoreComponentFactory"
56-->[androidx.core:core:1.5.0] AndroidManifest.xml:24:18-86
57        android:extractNativeLibs="true"
57-->[uniapp-v8-release.aar] AndroidManifest.xml:29:18-50
58        android:icon="@drawable/icon"
58-->src\main\AndroidManifest.xml:15:9-38
59        android:label="@string/app_name"
59-->src\main\AndroidManifest.xml:16:9-41
60        android:largeHeap="true"
60-->src\main\AndroidManifest.xml:17:9-33
61        android:supportsRtl="true"
61-->src\main\AndroidManifest.xml:18:9-35
62        android:usesCleartextTraffic="true" >
62-->[lib.5plus.base-release.aar] AndroidManifest.xml:170:9-44
63
64        <!-- 应用入口 -->
65        <activity
65-->src\main\AndroidManifest.xml:21:9-43:20
66            android:name="io.dcloud.PandoraEntry"
66-->src\main\AndroidManifest.xml:22:13-50
67            android:configChanges="orientation|keyboardHidden|screenSize|mcc|mnc|fontScale"
67-->src\main\AndroidManifest.xml:24:13-92
68            android:hardwareAccelerated="true"
68-->src\main\AndroidManifest.xml:25:13-47
69            android:theme="@style/TranslucentTheme"
69-->src\main\AndroidManifest.xml:23:13-52
70            android:windowSoftInputMode="adjustResize" >
70-->src\main\AndroidManifest.xml:26:13-55
71            <intent-filter>
71-->src\main\AndroidManifest.xml:27:13-33:29
72                <data android:scheme="hbuilder" />
72-->src\main\AndroidManifest.xml:28:17-50
72-->src\main\AndroidManifest.xml:28:23-48
73
74                <action android:name="android.intent.action.VIEW" />
74-->src\main\AndroidManifest.xml:29:17-68
74-->src\main\AndroidManifest.xml:29:25-66
75
76                <category android:name="android.intent.category.DEFAULT" />
76-->src\main\AndroidManifest.xml:31:17-75
76-->src\main\AndroidManifest.xml:31:27-73
77                <category android:name="android.intent.category.BROWSABLE" />
77-->src\main\AndroidManifest.xml:32:17-77
77-->src\main\AndroidManifest.xml:32:27-75
78            </intent-filter>
79            <intent-filter>
79-->src\main\AndroidManifest.xml:34:13-38:29
80                <data android:mimeType="image/*" />
80-->src\main\AndroidManifest.xml:28:17-50
80-->src\main\AndroidManifest.xml:35:23-49
81
82                <action android:name="android.intent.action.SEND" />
82-->src\main\AndroidManifest.xml:36:17-68
82-->src\main\AndroidManifest.xml:36:25-66
83
84                <category android:name="android.intent.category.DEFAULT" />
84-->src\main\AndroidManifest.xml:31:17-75
84-->src\main\AndroidManifest.xml:31:27-73
85            </intent-filter>
86            <intent-filter>
86-->src\main\AndroidManifest.xml:39:13-42:29
87                <action android:name="android.intent.action.MAIN" />
87-->src\main\AndroidManifest.xml:40:17-68
87-->src\main\AndroidManifest.xml:40:25-66
88
89                <category android:name="android.intent.category.LAUNCHER" />
89-->src\main\AndroidManifest.xml:41:17-76
89-->src\main\AndroidManifest.xml:41:27-74
90            </intent-filter>
91        </activity>
92
93        <meta-data
93-->src\main\AndroidManifest.xml:44:9-45:35
94            android:name="dcloud_uninview_background"
94-->src\main\AndroidManifest.xml:44:20-61
95            android:value="true" />
95-->src\main\AndroidManifest.xml:45:13-33
96
97        <activity
97-->src\main\AndroidManifest.xml:47:9-71:20
98            android:name="io.dcloud.PandoraEntryActivity"
98-->src\main\AndroidManifest.xml:48:13-58
99            android:configChanges="orientation|keyboardHidden|screenSize|mcc|mnc|fontScale|keyboard|smallestScreenSize|screenLayout|screenSize"
99-->src\main\AndroidManifest.xml:50:13-144
100            android:hardwareAccelerated="true"
100-->src\main\AndroidManifest.xml:51:13-47
101            android:launchMode="singleTask"
101-->src\main\AndroidManifest.xml:49:13-44
102            android:permission="com.miui.securitycenter.permission.AppPermissionsEditor"
102-->src\main\AndroidManifest.xml:52:13-89
103            android:screenOrientation="user"
103-->src\main\AndroidManifest.xml:53:13-45
104            android:theme="@style/DCloudTheme"
104-->src\main\AndroidManifest.xml:54:13-47
105            android:windowSoftInputMode="adjustResize" >
105-->src\main\AndroidManifest.xml:55:13-55
106            <intent-filter>
106-->src\main\AndroidManifest.xml:57:13-70:29
107                <category android:name="android.intent.category.DEFAULT" />
107-->src\main\AndroidManifest.xml:31:17-75
107-->src\main\AndroidManifest.xml:31:27-73
108                <category android:name="android.intent.category.BROWSABLE" />
108-->src\main\AndroidManifest.xml:32:17-77
108-->src\main\AndroidManifest.xml:32:27-75
109
110                <action android:name="android.intent.action.VIEW" />
110-->src\main\AndroidManifest.xml:29:17-68
110-->src\main\AndroidManifest.xml:29:25-66
111
112                <data android:scheme=" " />
112-->src\main\AndroidManifest.xml:28:17-50
112-->src\main\AndroidManifest.xml:28:23-48
113            </intent-filter>
114        </activity>
115
116        <meta-data
116-->src\main\AndroidManifest.xml:72:9-74:64
117            android:name="dcloud_appkey"
117-->src\main\AndroidManifest.xml:73:13-41
118            android:value="f5bb3ec1366aedadfda13a1c4ed5e724" />
118-->src\main\AndroidManifest.xml:74:13-61
119        <!--
120        <activity
121            android:name="io.dcloud.imagepick.CustomGalleryActivity"
122            android:noHistory="true"
123            android:exported="false"/>
124        -->
125        <activity
125-->[lib.5plus.base-release.aar] AndroidManifest.xml:179:9-185:58
126            android:name="io.dcloud.feature.nativeObj.photoview.PhotoActivity"
126-->[lib.5plus.base-release.aar] AndroidManifest.xml:180:13-79
127            android:configChanges="orientation|keyboardHidden"
127-->[lib.5plus.base-release.aar] AndroidManifest.xml:181:13-63
128            android:exported="false"
128-->[lib.5plus.base-release.aar] AndroidManifest.xml:182:13-37
129            android:noHistory="false"
129-->[lib.5plus.base-release.aar] AndroidManifest.xml:183:13-38
130            android:screenOrientation="behind"
130-->[lib.5plus.base-release.aar] AndroidManifest.xml:184:13-47
131            android:theme="@style/DeviceDefault.Light" />
131-->[lib.5plus.base-release.aar] AndroidManifest.xml:185:13-55
132        <activity
132-->[lib.5plus.base-release.aar] AndroidManifest.xml:186:9-195:58
133            android:name="io.dcloud.WebAppActivity"
133-->[lib.5plus.base-release.aar] AndroidManifest.xml:187:13-52
134            android:configChanges="orientation|keyboard|keyboardHidden|smallestScreenSize|screenLayout|screenSize|mcc|mnc|fontScale|navigation"
134-->[lib.5plus.base-release.aar] AndroidManifest.xml:188:13-144
135            android:hardwareAccelerated="true"
135-->[lib.5plus.base-release.aar] AndroidManifest.xml:189:13-47
136            android:icon="@drawable/dcloud_recent"
136-->[lib.5plus.base-release.aar] AndroidManifest.xml:190:13-51
137            android:label="@string/stream_my"
137-->[lib.5plus.base-release.aar] AndroidManifest.xml:191:13-46
138            android:launchMode="singleTask"
138-->[lib.5plus.base-release.aar] AndroidManifest.xml:192:13-44
139            android:screenOrientation="portrait"
139-->[lib.5plus.base-release.aar] AndroidManifest.xml:193:13-49
140            android:theme="@style/DCloudTheme"
140-->[lib.5plus.base-release.aar] AndroidManifest.xml:194:13-47
141            android:windowSoftInputMode="adjustResize" />
141-->[lib.5plus.base-release.aar] AndroidManifest.xml:195:13-55
142        <activity
142-->[lib.5plus.base-release.aar] AndroidManifest.xml:196:9-200:75
143            android:name="io.dcloud.ProcessMediator"
143-->[lib.5plus.base-release.aar] AndroidManifest.xml:197:13-53
144            android:excludeFromRecents="true"
144-->[lib.5plus.base-release.aar] AndroidManifest.xml:198:13-46
145            android:exported="false"
145-->[lib.5plus.base-release.aar] AndroidManifest.xml:199:13-37
146            android:theme="@android:style/Theme.Translucent.NoTitleBar" />
146-->[lib.5plus.base-release.aar] AndroidManifest.xml:200:13-72
147        <activity
147-->[lib.5plus.base-release.aar] AndroidManifest.xml:201:9-207:20
148            android:name="io.dcloud.WebviewActivity"
148-->[lib.5plus.base-release.aar] AndroidManifest.xml:202:13-53
149            android:exported="false"
149-->[lib.5plus.base-release.aar] AndroidManifest.xml:203:13-37
150            android:screenOrientation="portrait"
150-->[lib.5plus.base-release.aar] AndroidManifest.xml:204:13-49
151            android:theme="@style/ThemeNoTitleBar"
151-->[lib.5plus.base-release.aar] AndroidManifest.xml:205:13-51
152            android:windowSoftInputMode="adjustPan" >
152-->[lib.5plus.base-release.aar] AndroidManifest.xml:206:13-52
153        </activity>
154
155        <receiver
155-->[lib.5plus.base-release.aar] AndroidManifest.xml:209:9-217:20
156            android:name="io.dcloud.common.adapter.io.DownloadReceiver"
156-->[lib.5plus.base-release.aar] AndroidManifest.xml:210:13-72
157            android:exported="false" >
157-->[lib.5plus.base-release.aar] AndroidManifest.xml:211:13-37
158            <intent-filter>
158-->[lib.5plus.base-release.aar] AndroidManifest.xml:212:13-216:29
159                <action android:name="android.intent.action.PACKAGE_ADDED" />
159-->[lib.5plus.base-release.aar] AndroidManifest.xml:213:17-78
159-->[lib.5plus.base-release.aar] AndroidManifest.xml:213:25-75
160
161                <data android:scheme="package" /> <!-- HERE! -->
161-->src\main\AndroidManifest.xml:28:17-50
161-->src\main\AndroidManifest.xml:28:23-48
162            </intent-filter>
163        </receiver> <!-- gallery******start -->
164        <activity
164-->[lib.5plus.base-release.aar] AndroidManifest.xml:220:9-225:63
165            android:name="com.dmcbig.mediapicker.PickerActivity"
165-->[lib.5plus.base-release.aar] AndroidManifest.xml:221:13-65
166            android:configChanges="orientation|screenSize"
166-->[lib.5plus.base-release.aar] AndroidManifest.xml:222:13-59
167            android:exported="false"
167-->[lib.5plus.base-release.aar] AndroidManifest.xml:223:13-37
168            android:theme="@style/DeviceDefault.Light"
168-->[lib.5plus.base-release.aar] AndroidManifest.xml:224:13-55
169            android:windowSoftInputMode="stateAlwaysHidden" />
169-->[lib.5plus.base-release.aar] AndroidManifest.xml:225:13-60
170        <activity
170-->[lib.5plus.base-release.aar] AndroidManifest.xml:226:9-231:63
171            android:name="com.dmcbig.mediapicker.PreviewActivity"
171-->[lib.5plus.base-release.aar] AndroidManifest.xml:227:13-66
172            android:configChanges="orientation|screenSize"
172-->[lib.5plus.base-release.aar] AndroidManifest.xml:228:13-59
173            android:exported="false"
173-->[lib.5plus.base-release.aar] AndroidManifest.xml:229:13-37
174            android:theme="@style/DeviceDefault.Light"
174-->[lib.5plus.base-release.aar] AndroidManifest.xml:230:13-55
175            android:windowSoftInputMode="stateAlwaysHidden" /> <!-- gallery******end -->
175-->[lib.5plus.base-release.aar] AndroidManifest.xml:231:13-60
176        <provider
176-->[lib.5plus.base-release.aar] AndroidManifest.xml:234:9-242:20
177            android:name="io.dcloud.common.util.DCloud_FileProvider"
177-->[lib.5plus.base-release.aar] AndroidManifest.xml:235:13-69
178            android:authorities="com.weilun.quanqi.dc.fileprovider"
178-->[lib.5plus.base-release.aar] AndroidManifest.xml:236:13-67
179            android:exported="false"
179-->[lib.5plus.base-release.aar] AndroidManifest.xml:237:13-37
180            android:grantUriPermissions="true" >
180-->[lib.5plus.base-release.aar] AndroidManifest.xml:238:13-47
181            <meta-data
181-->[lib.5plus.base-release.aar] AndroidManifest.xml:239:13-241:64
182                android:name="android.support.FILE_PROVIDER_PATHS"
182-->[lib.5plus.base-release.aar] AndroidManifest.xml:240:17-67
183                android:resource="@xml/dcloud_file_provider" />
183-->[lib.5plus.base-release.aar] AndroidManifest.xml:241:17-61
184        </provider>
185        <!--
186            <meta-data
187            android:name="DCLOUD_STREAMAPP_CHANNEL"
188            android:value="io.dcloud.%APPID%|%APPID%|" />
189        -->
190        <meta-data
190-->[lib.5plus.base-release.aar] AndroidManifest.xml:249:9-251:35
191            android:name="android.max_aspect"
191-->[lib.5plus.base-release.aar] AndroidManifest.xml:250:13-46
192            android:value="2.4" />
192-->[lib.5plus.base-release.aar] AndroidManifest.xml:251:13-32
193
194        <activity
194-->[lib.5plus.base-release.aar] AndroidManifest.xml:253:9-258:63
195            android:name="io.dcloud.feature.gallery.imageedit.IMGEditActivity"
195-->[lib.5plus.base-release.aar] AndroidManifest.xml:254:13-79
196            android:configChanges="orientation|keyboardHidden|screenSize"
196-->[lib.5plus.base-release.aar] AndroidManifest.xml:255:13-74
197            android:exported="false"
197-->[lib.5plus.base-release.aar] AndroidManifest.xml:256:13-37
198            android:theme="@style/ImageEditTheme"
198-->[lib.5plus.base-release.aar] AndroidManifest.xml:257:13-50
199            android:windowSoftInputMode="stateAlwaysHidden" /> <!-- 广告相关配置开始 -->
199-->[lib.5plus.base-release.aar] AndroidManifest.xml:258:13-60
200        <activity
200-->[lib.5plus.base-release.aar] AndroidManifest.xml:261:9-266:55
201            android:name="io.dcloud.sdk.activity.WebViewActivity"
201-->[lib.5plus.base-release.aar] AndroidManifest.xml:262:13-66
202            android:exported="false"
202-->[lib.5plus.base-release.aar] AndroidManifest.xml:263:13-37
203            android:screenOrientation="portrait"
203-->[lib.5plus.base-release.aar] AndroidManifest.xml:264:13-49
204            android:theme="@style/ThemeNoTitleBar"
204-->[lib.5plus.base-release.aar] AndroidManifest.xml:265:13-51
205            android:windowSoftInputMode="adjustPan" />
205-->[lib.5plus.base-release.aar] AndroidManifest.xml:266:13-52
206
207        <service
207-->[lib.5plus.base-release.aar] AndroidManifest.xml:268:9-271:72
208            android:name="io.dcloud.sdk.base.service.DownloadService"
208-->[lib.5plus.base-release.aar] AndroidManifest.xml:269:13-70
209            android:exported="false"
209-->[lib.5plus.base-release.aar] AndroidManifest.xml:270:13-37
210            android:permission="android.permission.BIND_JOB_SERVICE" />
210-->[lib.5plus.base-release.aar] AndroidManifest.xml:271:13-69
211
212        <provider
212-->[lib.5plus.base-release.aar] AndroidManifest.xml:273:9-281:20
213            android:name="io.dcloud.sdk.base.service.provider.DCloudAdFileProvider"
213-->[lib.5plus.base-release.aar] AndroidManifest.xml:274:13-84
214            android:authorities="com.weilun.quanqi.dc.fileprovider"
214-->[lib.5plus.base-release.aar] AndroidManifest.xml:275:13-67
215            android:exported="false"
215-->[lib.5plus.base-release.aar] AndroidManifest.xml:276:13-37
216            android:grantUriPermissions="true" >
216-->[lib.5plus.base-release.aar] AndroidManifest.xml:277:13-47
217            <meta-data
217-->[lib.5plus.base-release.aar] AndroidManifest.xml:239:13-241:64
218                android:name="android.support.FILE_PROVIDER_PATHS"
218-->[lib.5plus.base-release.aar] AndroidManifest.xml:240:17-67
219                android:resource="@xml/dcloud_gg_file_provider" />
219-->[lib.5plus.base-release.aar] AndroidManifest.xml:241:17-61
220        </provider>
221
222        <receiver
222-->[uniapp-v8-release.aar] AndroidManifest.xml:30:9-34:20
223            android:name="com.taobao.weex.WXGlobalEventReceiver"
223-->[uniapp-v8-release.aar] AndroidManifest.xml:31:13-65
224            android:enabled="true"
224-->[uniapp-v8-release.aar] AndroidManifest.xml:32:13-35
225            android:exported="false" >
225-->[uniapp-v8-release.aar] AndroidManifest.xml:33:13-37
226        </receiver>
227
228        <service
228-->[:uniplugin_beLocation] AndroidManifest.xml:35:9-37:56
229            android:name="com.amap.api.location.APSService"
229-->[:uniplugin_beLocation] AndroidManifest.xml:36:13-60
230            android:foregroundServiceType="location" />
230-->[:uniplugin_beLocation] AndroidManifest.xml:37:13-53
231
232        <meta-data
232-->[:uniplugin_beLocation] AndroidManifest.xml:39:9-42:21
233            android:name="com.amap.api.v2.apikey"
233-->[:uniplugin_beLocation] AndroidManifest.xml:40:13-50
234            android:value="ae5e00630510ed4c4adf4eb4d01def7a" >
234-->[:uniplugin_beLocation] AndroidManifest.xml:41:13-61
235        </meta-data>
236    </application>
237
238</manifest>